/*C1*/SET SCHEMA SYSTEM_LOBS
INSERT INTO BLOCKS VALUES(0,2147483647,0)
COMMIT
/*C2*/SET SCHEMA PUBLIC
DISCONNECT
/*C3*/SET SCHEMA PUBLIC
DISCONNECT
/*C4*/SET SCHEMA PUBLIC
DISCONNECT
/*C5*/SET SCHEMA PUBLIC
DISCONNECT
/*C6*/SET SCHEMA PUBLIC
DISCONNECT
/*C7*/SET SCHEMA PUBLIC
DISCONNECT
/*C8*/SET SCHEMA PUBLIC
DISCONNECT
/*C9*/SET SCHEMA PUBLIC
DISCONNECT
/*C10*/SET SCHEMA PUBLIC
DISCONNECT
/*C11*/SET SCHEMA PUBLIC
DISCONNECT
/*C12*/SET SCHEMA PUBLIC
DISCONNECT
/*C13*/SET SCHEMA PUBLIC
DISCONNECT
/*C14*/SET SCHEMA PUBLIC
DISCONNECT
/*C15*/SET SCHEMA PUBLIC
DISCONNECT
/*C16*/SET SCHEMA PUBLIC
DISCONNECT
/*C17*/SET SCHEMA PUBLIC
DISCONNECT
/*C18*/SET SCHEMA PUBLIC
DISCONNECT
/*C19*/SET SCHEMA PUBLIC
DISCONNECT
/*C20*/SET SCHEMA PUBLIC
DISCONNECT
/*C21*/SET SCHEMA PUBLIC
DISCONNECT
/*C22*/SET SCHEMA PUBLIC
DISCONNECT
/*C23*/SET SCHEMA PUBLIC
DISCONNECT
/*C24*/SET SCHEMA PUBLIC
DISCONNECT
/*C25*/SET SCHEMA PUBLIC
DISCONNECT
/*C26*/SET SCHEMA PUBLIC
DISCONNECT
/*C27*/SET SCHEMA PUBLIC
DISCONNECT
/*C28*/SET SCHEMA PUBLIC
DISCONNECT
/*C29*/SET SCHEMA PUBLIC
DISCONNECT
/*C30*/SET SCHEMA PUBLIC
DISCONNECT
/*C31*/SET SCHEMA PUBLIC
DISCONNECT
/*C32*/SET SCHEMA PUBLIC
\u000a    create table desenvolvedor (\u000a       id bigint generated by default as identity (start with 1),\u000a        email varchar(30) not null,\u000a        nickname varchar(20) not null,\u000a        nome varchar(50) not null,\u000a        primary key (id)\u000a    )
\u000a    create table equipe (\u000a       id bigint generated by default as identity (start with 1),\u000a        nome varchar(20) not null,\u000a        primary key (id)\u000a    )
\u000a    create table funcionalidade (\u000a       id bigint generated by default as identity (start with 1),\u000a        descricao varchar(255) not null,\u000a        nome varchar(30) not null,\u000a        modulo_id bigint not null,\u000a        primary key (id)\u000a    )
\u000a    create table funcionalidade_tarefas (\u000a       funcionalidade_id bigint not null,\u000a        tarefas_id bigint not null\u000a    )
\u000a    create table modulo (\u000a       id bigint generated by default as identity (start with 1),\u000a        descricao varchar(255) not null,\u000a        nome varchar(20) not null,\u000a        sistema_id bigint not null,\u000a        primary key (id)\u000a    )
\u000a    create table sistema (\u000a       id bigint generated by default as identity (start with 1),\u000a        descricao varchar(255) not null,\u000a        imagem clob(255),\u000a        nome varchar(30) not null,\u000a        sigla varchar(5) not null,\u000a        primary key (id)\u000a    )
\u000a    create table tarefa (\u000a       id bigint generated by default as identity (start with 1),\u000a        datahorainicio timestamp,\u000a        datahoratermino timestamp,\u000a        descricao varchar(255) not null,\u000a        nome varchar(30) not null,\u000a        desenvolvedor_id bigint not null,\u000a        primary key (id)\u000a    )
\u000a    create table usuario (\u000a       id bigint generated by default as identity (start with 1),\u000a        email varchar(255) not null,\u000a        nome varchar(40) not null,\u000a        sobrenome varchar(40) not null,\u000a        primary key (id)\u000a    )
\u000a    alter table funcionalidade_tarefas \u000a       add constraint UK_qltb0abl4b5y992w9uo8mfcga unique (tarefas_id)
\u000a    alter table usuario \u000a       add constraint UK_5171l57faosmj8myawaucatdw unique (email)
\u000a    alter table funcionalidade \u000a       add constraint FKhekv3ejfa1pki4inlvogi50u5 \u000a       foreign key (modulo_id) \u000a       references modulo
\u000a    alter table funcionalidade_tarefas \u000a       add constraint FKiig96816jbv0y7ui0uyxp5sww \u000a       foreign key (tarefas_id) \u000a       references tarefa
\u000a    alter table funcionalidade_tarefas \u000a       add constraint FKgdmtqweqxvxfwcans92oarway \u000a       foreign key (funcionalidade_id) \u000a       references funcionalidade
\u000a    alter table modulo \u000a       add constraint FKh4fe3oin5lhbsxmjr6t1fg3rv \u000a       foreign key (sistema_id) \u000a       references sistema
\u000a    alter table tarefa \u000a       add constraint FKcgfs8swtsmkxusbhgd68oue04 \u000a       foreign key (desenvolvedor_id) \u000a       references desenvolvedor
INSERT INTO USUARIO VALUES(1,'gilmariosoftware@gmail.com','gilmario','Batista')
COMMIT
DISCONNECT
/*C33*/SET SCHEMA PUBLIC
DISCONNECT
/*C34*/SET SCHEMA PUBLIC
DISCONNECT
/*C35*/SET SCHEMA PUBLIC
DISCONNECT
/*C36*/SET SCHEMA PUBLIC
DISCONNECT
/*C37*/SET SCHEMA PUBLIC
DISCONNECT
/*C38*/SET SCHEMA PUBLIC
DISCONNECT
/*C39*/SET SCHEMA PUBLIC
DISCONNECT
/*C40*/SET SCHEMA PUBLIC
DISCONNECT
/*C41*/SET SCHEMA PUBLIC
DISCONNECT
/*C42*/SET SCHEMA PUBLIC
\u000a    alter table funcionalidade_tarefas \u000a       drop constraint UK_qltb0abl4b5y992w9uo8mfcga
\u000a    alter table funcionalidade_tarefas \u000a       add constraint UK_qltb0abl4b5y992w9uo8mfcga unique (tarefas_id)
DISCONNECT
/*C43*/SET SCHEMA PUBLIC
DISCONNECT
/*C44*/SET SCHEMA PUBLIC
DISCONNECT
/*C45*/SET SCHEMA PUBLIC
DISCONNECT
/*C46*/SET SCHEMA PUBLIC
DISCONNECT
/*C47*/SET SCHEMA PUBLIC
DISCONNECT
/*C48*/SET SCHEMA PUBLIC
DISCONNECT
/*C49*/SET SCHEMA PUBLIC
DISCONNECT
/*C50*/SET SCHEMA PUBLIC
DISCONNECT
/*C51*/SET SCHEMA PUBLIC
DISCONNECT
/*C52*/SET SCHEMA PUBLIC
\u000a    alter table funcionalidade_tarefas \u000a       drop constraint UK_qltb0abl4b5y992w9uo8mfcga
\u000a    alter table funcionalidade_tarefas \u000a       add constraint UK_qltb0abl4b5y992w9uo8mfcga unique (tarefas_id)
